<?xml version="1.0" encoding="UTF-8"?>
<!-- Generated by org.testng.reporters.JUnitXMLReporter -->
<testsuite hostname="114563-T470P" ignored="0" name="Default test" tests="3" failures="0" timestamp="12 Jan 2019 05:06:32 GMT" time="3.693" errors="0">
  <testcase name="Del" time="2.295" classname="com.api.tests.APITest"/>
  <testcase name="Get" time="0.585" classname="com.api.tests.APITest"/>
  <testcase name="Post" time="0.79" classname="com.api.tests.APITest"/>
</testsuite> <!-- Default test -->
