<?xml version="1.0" encoding="UTF-8"?>
<testng-results skipped="0" failed="0" ignored="0" total="3" passed="3">
  <reporter-output>
  </reporter-output>
  <suite name="Default suite" duration-ms="3693" started-at="2019-01-12T05:06:28Z" finished-at="2019-01-12T05:06:32Z">
    <groups>
    </groups>
    <test name="Default test" duration-ms="3693" started-at="2019-01-12T05:06:28Z" finished-at="2019-01-12T05:06:32Z">
      <class name="com.api.tests.APITest">
        <test-method status="PASS" signature="Del()[pri:0, instance:com.api.tests.APITest@39aeed2f]" name="Del" duration-ms="2295" started-at="2019-01-12T05:06:28Z" finished-at="2019-01-12T05:06:30Z">
          <reporter-output>
          </reporter-output>
        </test-method> <!-- Del -->
        <test-method status="PASS" signature="Get()[pri:0, instance:com.api.tests.APITest@39aeed2f]" name="Get" duration-ms="585" started-at="2019-01-12T05:06:30Z" finished-at="2019-01-12T05:06:31Z">
          <reporter-output>
          </reporter-output>
        </test-method> <!-- Get -->
        <test-method status="PASS" signature="Post()[pri:0, instance:com.api.tests.APITest@39aeed2f]" name="Post" duration-ms="790" started-at="2019-01-12T05:06:31Z" finished-at="2019-01-12T05:06:32Z">
          <reporter-output>
          </reporter-output>
        </test-method> <!-- Post -->
      </class> <!-- com.api.tests.APITest -->
    </test> <!-- Default test -->
  </suite> <!-- Default suite -->
</testng-results>
